<?xml version="1.0" encoding="UTF-8"?>
<!-- Generated by org.testng.reporters.JUnitReportReporter -->
<testsuite hostname="MyComputer-Tina" name="lingzhuyun.testdemo.TestNgDemo01" tests="1" failures="0" timestamp="4 Apr 2019 15:55:30 GMT" time="0.010" errors="0">
  <testcase name="testNgCase01" time="0.010" classname="lingzhuyun.testdemo.TestNgDemo01"/>
</testsuite> <!-- lingzhuyun.testdemo.TestNgDemo01 -->
